The target system is: Linux -  - 
The host system is: Linux - 4.4.0-31-generic - x86_64
Compiling the C compiler identification source file "CMakeCCompilerId.c" succeeded.
Compiler: /usr/bin/arm-linux-gnueabihf-gcc-4.8 
Build flags: 
Id flags: 

The output was:
0


Compilation of the C compiler identification source "CMakeCCompilerId.c" produced "a.out"

The C compiler identification is GNU, found in "/home/ywh/work/controlFrame/build_arm/CMakeFiles/3.2.2/CompilerIdC/a.out"

Compiling the CXX compiler identification source file "CMakeCXXCompilerId.cpp" succeeded.
Compiler: /usr/bin/arm-linux-gnueabihf-g++-4.8 
Build flags: 
Id flags: 

The output was:
0


Compilation of the CXX compiler identification source "CMakeCXXCompilerId.cpp" produced "a.out"

The CXX compiler identification is GNU, found in "/home/ywh/work/controlFrame/build_arm/CMakeFiles/3.2.2/CompilerIdCXX/a.out"

Determining if the C compiler works passed with the following output:
Change Dir: /home/ywh/work/controlFrame/build_arm/CMakeFiles/CMakeTmp

Run Build Command:"/usr/bin/make" "cmTryCompileExec3217972923/fast"
/usr/bin/make -f CMakeFiles/cmTryCompileExec3217972923.dir/build.make CMakeFiles/cmTryCompileExec3217972923.dir/build
make[1]: 正在进入目录 `/home/ywh/work/controlFrame/build_arm/CMakeFiles/CMakeTmp'
/usr/local/bin/cmake -E cmake_progress_report /home/ywh/work/controlFrame/build_arm/CMakeFiles/CMakeTmp/CMakeFiles 1
Building C object CMakeFiles/cmTryCompileExec3217972923.dir/testCCompiler.c.o
/usr/bin/arm-linux-gnueabihf-gcc-4.8    -o CMakeFiles/cmTryCompileExec3217972923.dir/testCCompiler.c.o   -c /home/ywh/work/controlFrame/build_arm/CMakeFiles/CMakeTmp/testCCompiler.c
Linking C executable cmTryCompileExec3217972923
/usr/local/bin/cmake -E cmake_link_script CMakeFiles/cmTryCompileExec3217972923.dir/link.txt --verbose=1
/usr/bin/arm-linux-gnueabihf-gcc-4.8       CMakeFiles/cmTryCompileExec3217972923.dir/testCCompiler.c.o  -o cmTryCompileExec3217972923 -rdynamic 
make[1]:正在离开目录 `/home/ywh/work/controlFrame/build_arm/CMakeFiles/CMakeTmp'


Detecting C compiler ABI info compiled with the following output:
Change Dir: /home/ywh/work/controlFrame/build_arm/CMakeFiles/CMakeTmp

Run Build Command:"/usr/bin/make" "cmTryCompileExec3679647737/fast"
/usr/bin/make -f CMakeFiles/cmTryCompileExec3679647737.dir/build.make CMakeFiles/cmTryCompileExec3679647737.dir/build
make[1]: 正在进入目录 `/home/ywh/work/controlFrame/build_arm/CMakeFiles/CMakeTmp'
/usr/local/bin/cmake -E cmake_progress_report /home/ywh/work/controlFrame/build_arm/CMakeFiles/CMakeTmp/CMakeFiles 1
Building C object CMakeFiles/cmTryCompileExec3679647737.dir/CMakeCCompilerABI.c.o
/usr/bin/arm-linux-gnueabihf-gcc-4.8    -o CMakeFiles/cmTryCompileExec3679647737.dir/CMakeCCompilerABI.c.o   -c /usr/local/share/cmake-3.2/Modules/CMakeCCompilerABI.c
Linking C executable cmTryCompileExec3679647737
/usr/local/bin/cmake -E cmake_link_script CMakeFiles/cmTryCompileExec3679647737.dir/link.txt --verbose=1
/usr/bin/arm-linux-gnueabihf-gcc-4.8      -v CMakeFiles/cmTryCompileExec3679647737.dir/CMakeCCompilerABI.c.o  -o cmTryCompileExec3679647737 -rdynamic  
Using built-in specs.
COLLECT_GCC=/usr/bin/arm-linux-gnueabihf-gcc-4.8
COLLECT_LTO_WRAPPER=/usr/lib/gcc-cross/arm-linux-gnueabihf/4.8/lto-wrapper
Target: arm-linux-gnueabihf
Configured with: ../src/configure -v --with-pkgversion='Ubuntu/Linaro 4.8.4-2ubuntu1~14.04.1' --with-bugurl=file:///usr/share/doc/gcc-4.8/README.Bugs --enable-languages=c,c++,java,go,d,fortran,objc,obj-c++ --prefix=/usr --program-suffix=-4.8 --enable-shared --enable-linker-build-id --libexecdir=/usr/lib --without-included-gettext --enable-threads=posix --with-gxx-include-dir=/usr/arm-linux-gnueabihf/include/c++/4.8.4 --libdir=/usr/lib --enable-nls --with-sysroot=/ --enable-clocale=gnu --enable-libstdcxx-debug --enable-libstdcxx-time=yes --enable-gnu-unique-object --disable-libmudflap --disable-libitm --disable-libquadmath --enable-plugin --with-system-zlib --disable-browser-plugin --enable-java-awt=gtk --enable-gtk-cairo --with-java-home=/usr/lib/jvm/java-1.5.0-gcj-4.8-armhf-cross/jre --enable-java-home --with-jvm-root-dir=/usr/lib/jvm/java-1.5.0-gcj-4.8-armhf-cross --with-jvm-jar-dir=/usr/lib/jvm-exports/java-1.5.0-gcj-4.8-armhf-cross --with-arch-directory=arm --with-ecj-jar=/usr/share/java/eclipse-ecj.jar --disable-libgcj --enable-objc-gc --enable-multiarch --enable-multilib --disable-sjlj-exceptions --with-arch=armv7-a --with-fpu=vfpv3-d16 --with-float=hard --with-mode=thumb --disable-werror --enable-checking=release --build=x86_64-linux-gnu --host=x86_64-linux-gnu --target=arm-linux-gnueabihf --program-prefix=arm-linux-gnueabihf- --includedir=/usr/arm-linux-gnueabihf/include
Thread model: posix
gcc version 4.8.4 (Ubuntu/Linaro 4.8.4-2ubuntu1~14.04.1) 
COMPILER_PATH=/usr/lib/gcc-cross/arm-linux-gnueabihf/4.8/:/usr/lib/gcc-cross/arm-linux-gnueabihf/4.8/:/usr/lib/gcc-cross/arm-linux-gnueabihf/:/usr/lib/gcc-cross/arm-linux-gnueabihf/4.8/:/usr/lib/gcc-cross/arm-linux-gnueabihf/:/usr/lib/gcc-cross/arm-linux-gnueabihf/4.8/../../../../arm-linux-gnueabihf/bin/
LIBRARY_PATH=/usr/lib/gcc-cross/arm-linux-gnueabihf/4.8/:/usr/lib/gcc-cross/arm-linux-gnueabihf/4.8/../../../../arm-linux-gnueabihf/lib/../lib/:/lib/../lib/:/usr/lib/../lib/:/usr/lib/gcc-cross/arm-linux-gnueabihf/4.8/../../../../arm-linux-gnueabihf/lib/:/lib/:/usr/lib/
COLLECT_GCC_OPTIONS='-v' '-o' 'cmTryCompileExec3679647737' '-rdynamic' '-march=armv7-a' '-mfloat-abi=hard' '-mfpu=vfpv3-d16' '-mthumb' '-mtls-dialect=gnu'
 /usr/lib/gcc-cross/arm-linux-gnueabihf/4.8/collect2 --sysroot=/ --build-id --eh-frame-hdr -export-dynamic -dynamic-linker /lib/ld-linux-armhf.so.3 -X --hash-style=gnu --as-needed -m armelf_linux_eabi -z relro -o cmTryCompileExec3679647737 /usr/lib/gcc-cross/arm-linux-gnueabihf/4.8/../../../../arm-linux-gnueabihf/lib/../lib/crt1.o /usr/lib/gcc-cross/arm-linux-gnueabihf/4.8/../../../../arm-linux-gnueabihf/lib/../lib/crti.o /usr/lib/gcc-cross/arm-linux-gnueabihf/4.8/crtbegin.o -L/usr/lib/gcc-cross/arm-linux-gnueabihf/4.8 -L/usr/lib/gcc-cross/arm-linux-gnueabihf/4.8/../../../../arm-linux-gnueabihf/lib/../lib -L/lib/../lib -L/usr/lib/../lib -L/usr/lib/gcc-cross/arm-linux-gnueabihf/4.8/../../../../arm-linux-gnueabihf/lib CMakeFiles/cmTryCompileExec3679647737.dir/CMakeCCompilerABI.c.o -lgcc --as-needed -lgcc_s --no-as-needed -lc -lgcc --as-needed -lgcc_s --no-as-needed /usr/lib/gcc-cross/arm-linux-gnueabihf/4.8/crtend.o /usr/lib/gcc-cross/arm-linux-gnueabihf/4.8/../../../../arm-linux-gnueabihf/lib/../lib/crtn.o
make[1]:正在离开目录 `/home/ywh/work/controlFrame/build_arm/CMakeFiles/CMakeTmp'


Parsed C implicit link information from above output:
  link line regex: [^( *|.*[/\])(ld|([^/\]+-)?ld|collect2)[^/\]*( |$)]
  ignore line: [Change Dir: /home/ywh/work/controlFrame/build_arm/CMakeFiles/CMakeTmp]
  ignore line: []
  ignore line: [Run Build Command:"/usr/bin/make" "cmTryCompileExec3679647737/fast"]
  ignore line: [/usr/bin/make -f CMakeFiles/cmTryCompileExec3679647737.dir/build.make CMakeFiles/cmTryCompileExec3679647737.dir/build]
  ignore line: [make[1]: 正在进入目录 `/home/ywh/work/controlFrame/build_arm/CMakeFiles/CMakeTmp']
  ignore line: [/usr/local/bin/cmake -E cmake_progress_report /home/ywh/work/controlFrame/build_arm/CMakeFiles/CMakeTmp/CMakeFiles 1]
  ignore line: [Building C object CMakeFiles/cmTryCompileExec3679647737.dir/CMakeCCompilerABI.c.o]
  ignore line: [/usr/bin/arm-linux-gnueabihf-gcc-4.8    -o CMakeFiles/cmTryCompileExec3679647737.dir/CMakeCCompilerABI.c.o   -c /usr/local/share/cmake-3.2/Modules/CMakeCCompilerABI.c]
  ignore line: [Linking C executable cmTryCompileExec3679647737]
  ignore line: [/usr/local/bin/cmake -E cmake_link_script CMakeFiles/cmTryCompileExec3679647737.dir/link.txt --verbose=1]
  ignore line: [/usr/bin/arm-linux-gnueabihf-gcc-4.8      -v CMakeFiles/cmTryCompileExec3679647737.dir/CMakeCCompilerABI.c.o  -o cmTryCompileExec3679647737 -rdynamic  ]
  ignore line: [Using built-in specs.]
  ignore line: [COLLECT_GCC=/usr/bin/arm-linux-gnueabihf-gcc-4.8]
  ignore line: [COLLECT_LTO_WRAPPER=/usr/lib/gcc-cross/arm-linux-gnueabihf/4.8/lto-wrapper]
  ignore line: [Target: arm-linux-gnueabihf]
  ignore line: [Configured with: ../src/configure -v --with-pkgversion='Ubuntu/Linaro 4.8.4-2ubuntu1~14.04.1' --with-bugurl=file:///usr/share/doc/gcc-4.8/README.Bugs --enable-languages=c,c++,java,go,d,fortran,objc,obj-c++ --prefix=/usr --program-suffix=-4.8 --enable-shared --enable-linker-build-id --libexecdir=/usr/lib --without-included-gettext --enable-threads=posix --with-gxx-include-dir=/usr/arm-linux-gnueabihf/include/c++/4.8.4 --libdir=/usr/lib --enable-nls --with-sysroot=/ --enable-clocale=gnu --enable-libstdcxx-debug --enable-libstdcxx-time=yes --enable-gnu-unique-object --disable-libmudflap --disable-libitm --disable-libquadmath --enable-plugin --with-system-zlib --disable-browser-plugin --enable-java-awt=gtk --enable-gtk-cairo --with-java-home=/usr/lib/jvm/java-1.5.0-gcj-4.8-armhf-cross/jre --enable-java-home --with-jvm-root-dir=/usr/lib/jvm/java-1.5.0-gcj-4.8-armhf-cross --with-jvm-jar-dir=/usr/lib/jvm-exports/java-1.5.0-gcj-4.8-armhf-cross --with-arch-directory=arm --with-ecj-jar=/usr/share/java/eclipse-ecj.jar --disable-libgcj --enable-objc-gc --enable-multiarch --enable-multilib --disable-sjlj-exceptions --with-arch=armv7-a --with-fpu=vfpv3-d16 --with-float=hard --with-mode=thumb --disable-werror --enable-checking=release --build=x86_64-linux-gnu --host=x86_64-linux-gnu --target=arm-linux-gnueabihf --program-prefix=arm-linux-gnueabihf- --includedir=/usr/arm-linux-gnueabihf/include]
  ignore line: [Thread model: posix]
  ignore line: [gcc version 4.8.4 (Ubuntu/Linaro 4.8.4-2ubuntu1~14.04.1) ]
  ignore line: [COMPILER_PATH=/usr/lib/gcc-cross/arm-linux-gnueabihf/4.8/:/usr/lib/gcc-cross/arm-linux-gnueabihf/4.8/:/usr/lib/gcc-cross/arm-linux-gnueabihf/:/usr/lib/gcc-cross/arm-linux-gnueabihf/4.8/:/usr/lib/gcc-cross/arm-linux-gnueabihf/:/usr/lib/gcc-cross/arm-linux-gnueabihf/4.8/../../../../arm-linux-gnueabihf/bin/]
  ignore line: [LIBRARY_PATH=/usr/lib/gcc-cross/arm-linux-gnueabihf/4.8/:/usr/lib/gcc-cross/arm-linux-gnueabihf/4.8/../../../../arm-linux-gnueabihf/lib/../lib/:/lib/../lib/:/usr/lib/../lib/:/usr/lib/gcc-cross/arm-linux-gnueabihf/4.8/../../../../arm-linux-gnueabihf/lib/:/lib/:/usr/lib/]
  ignore line: [COLLECT_GCC_OPTIONS='-v' '-o' 'cmTryCompileExec3679647737' '-rdynamic' '-march=armv7-a' '-mfloat-abi=hard' '-mfpu=vfpv3-d16' '-mthumb' '-mtls-dialect=gnu']
  link line: [ /usr/lib/gcc-cross/arm-linux-gnueabihf/4.8/collect2 --sysroot=/ --build-id --eh-frame-hdr -export-dynamic -dynamic-linker /lib/ld-linux-armhf.so.3 -X --hash-style=gnu --as-needed -m armelf_linux_eabi -z relro -o cmTryCompileExec3679647737 /usr/lib/gcc-cross/arm-linux-gnueabihf/4.8/../../../../arm-linux-gnueabihf/lib/../lib/crt1.o /usr/lib/gcc-cross/arm-linux-gnueabihf/4.8/../../../../arm-linux-gnueabihf/lib/../lib/crti.o /usr/lib/gcc-cross/arm-linux-gnueabihf/4.8/crtbegin.o -L/usr/lib/gcc-cross/arm-linux-gnueabihf/4.8 -L/usr/lib/gcc-cross/arm-linux-gnueabihf/4.8/../../../../arm-linux-gnueabihf/lib/../lib -L/lib/../lib -L/usr/lib/../lib -L/usr/lib/gcc-cross/arm-linux-gnueabihf/4.8/../../../../arm-linux-gnueabihf/lib CMakeFiles/cmTryCompileExec3679647737.dir/CMakeCCompilerABI.c.o -lgcc --as-needed -lgcc_s --no-as-needed -lc -lgcc --as-needed -lgcc_s --no-as-needed /usr/lib/gcc-cross/arm-linux-gnueabihf/4.8/crtend.o /usr/lib/gcc-cross/arm-linux-gnueabihf/4.8/../../../../arm-linux-gnueabihf/lib/../lib/crtn.o]
    arg [/usr/lib/gcc-cross/arm-linux-gnueabihf/4.8/collect2] ==> ignore
    arg [--sysroot=/] ==> ignore
    arg [--build-id] ==> ignore
    arg [--eh-frame-hdr] ==> ignore
    arg [-export-dynamic] ==> ignore
    arg [-dynamic-linker] ==> ignore
    arg [/lib/ld-linux-armhf.so.3] ==> ignore
    arg [-X] ==> ignore
    arg [--hash-style=gnu] ==> ignore
    arg [--as-needed] ==> ignore
    arg [-m] ==> ignore
    arg [armelf_linux_eabi] ==> ignore
    arg [-zrelro] ==> ignore
    arg [-o] ==> ignore
    arg [cmTryCompileExec3679647737] ==> ignore
    arg [/usr/lib/gcc-cross/arm-linux-gnueabihf/4.8/../../../../arm-linux-gnueabihf/lib/../lib/crt1.o] ==> ignore
    arg [/usr/lib/gcc-cross/arm-linux-gnueabihf/4.8/../../../../arm-linux-gnueabihf/lib/../lib/crti.o] ==> ignore
    arg [/usr/lib/gcc-cross/arm-linux-gnueabihf/4.8/crtbegin.o] ==> ignore
    arg [-L/usr/lib/gcc-cross/arm-linux-gnueabihf/4.8] ==> dir [/usr/lib/gcc-cross/arm-linux-gnueabihf/4.8]
    arg [-L/usr/lib/gcc-cross/arm-linux-gnueabihf/4.8/../../../../arm-linux-gnueabihf/lib/../lib] ==> dir [/usr/lib/gcc-cross/arm-linux-gnueabihf/4.8/../../../../arm-linux-gnueabihf/lib/../lib]
    arg [-L/lib/../lib] ==> dir [/lib/../lib]
    arg [-L/usr/lib/../lib] ==> dir [/usr/lib/../lib]
    arg [-L/usr/lib/gcc-cross/arm-linux-gnueabihf/4.8/../../../../arm-linux-gnueabihf/lib] ==> dir [/usr/lib/gcc-cross/arm-linux-gnueabihf/4.8/../../../../arm-linux-gnueabihf/lib]
    arg [CMakeFiles/cmTryCompileExec3679647737.dir/CMakeCCompilerABI.c.o] ==> ignore
    arg [-lgcc] ==> lib [gcc]
    arg [--as-needed] ==> ignore
    arg [-lgcc_s] ==> lib [gcc_s]
    arg [--no-as-needed] ==> ignore
    arg [-lc] ==> lib [c]
    arg [-lgcc] ==> lib [gcc]
    arg [--as-needed] ==> ignore
    arg [-lgcc_s] ==> lib [gcc_s]
    arg [--no-as-needed] ==> ignore
    arg [/usr/lib/gcc-cross/arm-linux-gnueabihf/4.8/crtend.o] ==> ignore
    arg [/usr/lib/gcc-cross/arm-linux-gnueabihf/4.8/../../../../arm-linux-gnueabihf/lib/../lib/crtn.o] ==> ignore
  remove lib [gcc]
  remove lib [gcc_s]
  remove lib [gcc]
  remove lib [gcc_s]
  collapse library dir [/usr/lib/gcc-cross/arm-linux-gnueabihf/4.8] ==> [/usr/lib/gcc-cross/arm-linux-gnueabihf/4.8]
  collapse library dir [/usr/lib/gcc-cross/arm-linux-gnueabihf/4.8/../../../../arm-linux-gnueabihf/lib/../lib] ==> [/usr/arm-linux-gnueabihf/lib]
  collapse library dir [/lib/../lib] ==> [/lib]
  collapse library dir [/usr/lib/../lib] ==> [/usr/lib]
  collapse library dir [/usr/lib/gcc-cross/arm-linux-gnueabihf/4.8/../../../../arm-linux-gnueabihf/lib] ==> [/usr/arm-linux-gnueabihf/lib]
  implicit libs: [c]
  implicit dirs: [/usr/lib/gcc-cross/arm-linux-gnueabihf/4.8;/usr/arm-linux-gnueabihf/lib;/lib;/usr/lib]
  implicit fwks: []




Detecting C [-std=c11] compiler features compiled with the following output:
Change Dir: /home/ywh/work/controlFrame/build_arm/CMakeFiles/CMakeTmp

Run Build Command:"/usr/bin/make" "cmTryCompileExec3752174946/fast"
/usr/bin/make -f CMakeFiles/cmTryCompileExec3752174946.dir/build.make CMakeFiles/cmTryCompileExec3752174946.dir/build
make[1]: 正在进入目录 `/home/ywh/work/controlFrame/build_arm/CMakeFiles/CMakeTmp'
/usr/local/bin/cmake -E cmake_progress_report /home/ywh/work/controlFrame/build_arm/CMakeFiles/CMakeTmp/CMakeFiles 1
Building C object CMakeFiles/cmTryCompileExec3752174946.dir/feature_tests.c.o
/usr/bin/arm-linux-gnueabihf-gcc-4.8   -std=c11 -o CMakeFiles/cmTryCompileExec3752174946.dir/feature_tests.c.o   -c /home/ywh/work/controlFrame/build_arm/CMakeFiles/feature_tests.c
Linking C executable cmTryCompileExec3752174946
/usr/local/bin/cmake -E cmake_link_script CMakeFiles/cmTryCompileExec3752174946.dir/link.txt --verbose=1
/usr/bin/arm-linux-gnueabihf-gcc-4.8       CMakeFiles/cmTryCompileExec3752174946.dir/feature_tests.c.o  -o cmTryCompileExec3752174946 -rdynamic 
make[1]:正在离开目录 `/home/ywh/work/controlFrame/build_arm/CMakeFiles/CMakeTmp'


    Feature record: C_FEATURE:1c_function_prototypes
    Feature record: C_FEATURE:1c_restrict
    Feature record: C_FEATURE:1c_static_assert
    Feature record: C_FEATURE:1c_variadic_macros


Detecting C [-std=c99] compiler features compiled with the following output:
Change Dir: /home/ywh/work/controlFrame/build_arm/CMakeFiles/CMakeTmp

Run Build Command:"/usr/bin/make" "cmTryCompileExec2847468329/fast"
/usr/bin/make -f CMakeFiles/cmTryCompileExec2847468329.dir/build.make CMakeFiles/cmTryCompileExec2847468329.dir/build
make[1]: 正在进入目录 `/home/ywh/work/controlFrame/build_arm/CMakeFiles/CMakeTmp'
/usr/local/bin/cmake -E cmake_progress_report /home/ywh/work/controlFrame/build_arm/CMakeFiles/CMakeTmp/CMakeFiles 1
Building C object CMakeFiles/cmTryCompileExec2847468329.dir/feature_tests.c.o
/usr/bin/arm-linux-gnueabihf-gcc-4.8   -std=c99 -o CMakeFiles/cmTryCompileExec2847468329.dir/feature_tests.c.o   -c /home/ywh/work/controlFrame/build_arm/CMakeFiles/feature_tests.c
Linking C executable cmTryCompileExec2847468329
/usr/local/bin/cmake -E cmake_link_script CMakeFiles/cmTryCompileExec2847468329.dir/link.txt --verbose=1
/usr/bin/arm-linux-gnueabihf-gcc-4.8       CMakeFiles/cmTryCompileExec2847468329.dir/feature_tests.c.o  -o cmTryCompileExec2847468329 -rdynamic 
make[1]:正在离开目录 `/home/ywh/work/controlFrame/build_arm/CMakeFiles/CMakeTmp'


    Feature record: C_FEATURE:1c_function_prototypes
    Feature record: C_FEATURE:1c_restrict
    Feature record: C_FEATURE:0c_static_assert
    Feature record: C_FEATURE:1c_variadic_macros


Detecting C [-std=c90] compiler features compiled with the following output:
Change Dir: /home/ywh/work/controlFrame/build_arm/CMakeFiles/CMakeTmp

Run Build Command:"/usr/bin/make" "cmTryCompileExec4184543579/fast"
/usr/bin/make -f CMakeFiles/cmTryCompileExec4184543579.dir/build.make CMakeFiles/cmTryCompileExec4184543579.dir/build
make[1]: 正在进入目录 `/home/ywh/work/controlFrame/build_arm/CMakeFiles/CMakeTmp'
/usr/local/bin/cmake -E cmake_progress_report /home/ywh/work/controlFrame/build_arm/CMakeFiles/CMakeTmp/CMakeFiles 1
Building C object CMakeFiles/cmTryCompileExec4184543579.dir/feature_tests.c.o
/usr/bin/arm-linux-gnueabihf-gcc-4.8   -std=c90 -o CMakeFiles/cmTryCompileExec4184543579.dir/feature_tests.c.o   -c /home/ywh/work/controlFrame/build_arm/CMakeFiles/feature_tests.c
Linking C executable cmTryCompileExec4184543579
/usr/local/bin/cmake -E cmake_link_script CMakeFiles/cmTryCompileExec4184543579.dir/link.txt --verbose=1
/usr/bin/arm-linux-gnueabihf-gcc-4.8       CMakeFiles/cmTryCompileExec4184543579.dir/feature_tests.c.o  -o cmTryCompileExec4184543579 -rdynamic 
make[1]:正在离开目录 `/home/ywh/work/controlFrame/build_arm/CMakeFiles/CMakeTmp'


    Feature record: C_FEATURE:1c_function_prototypes
    Feature record: C_FEATURE:0c_restrict
    Feature record: C_FEATURE:0c_static_assert
    Feature record: C_FEATURE:0c_variadic_macros
Determining if the CXX compiler works passed with the following output:
Change Dir: /home/ywh/work/controlFrame/build_arm/CMakeFiles/CMakeTmp

Run Build Command:"/usr/bin/make" "cmTryCompileExec987502220/fast"
/usr/bin/make -f CMakeFiles/cmTryCompileExec987502220.dir/build.make CMakeFiles/cmTryCompileExec987502220.dir/build
make[1]: 正在进入目录 `/home/ywh/work/controlFrame/build_arm/CMakeFiles/CMakeTmp'
/usr/local/bin/cmake -E cmake_progress_report /home/ywh/work/controlFrame/build_arm/CMakeFiles/CMakeTmp/CMakeFiles 1
Building CXX object CMakeFiles/cmTryCompileExec987502220.dir/testCXXCompiler.cxx.o
/usr/bin/arm-linux-gnueabihf-g++-4.8     -o CMakeFiles/cmTryCompileExec987502220.dir/testCXXCompiler.cxx.o -c /home/ywh/work/controlFrame/build_arm/CMakeFiles/CMakeTmp/testCXXCompiler.cxx
Linking CXX executable cmTryCompileExec987502220
/usr/local/bin/cmake -E cmake_link_script CMakeFiles/cmTryCompileExec987502220.dir/link.txt --verbose=1
/usr/bin/arm-linux-gnueabihf-g++-4.8        CMakeFiles/cmTryCompileExec987502220.dir/testCXXCompiler.cxx.o  -o cmTryCompileExec987502220 -rdynamic 
make[1]:正在离开目录 `/home/ywh/work/controlFrame/build_arm/CMakeFiles/CMakeTmp'


Detecting CXX compiler ABI info compiled with the following output:
Change Dir: /home/ywh/work/controlFrame/build_arm/CMakeFiles/CMakeTmp

Run Build Command:"/usr/bin/make" "cmTryCompileExec1849072217/fast"
/usr/bin/make -f CMakeFiles/cmTryCompileExec1849072217.dir/build.make CMakeFiles/cmTryCompileExec1849072217.dir/build
make[1]: 正在进入目录 `/home/ywh/work/controlFrame/build_arm/CMakeFiles/CMakeTmp'
/usr/local/bin/cmake -E cmake_progress_report /home/ywh/work/controlFrame/build_arm/CMakeFiles/CMakeTmp/CMakeFiles 1
Building CXX object CMakeFiles/cmTryCompileExec1849072217.dir/CMakeCXXCompilerABI.cpp.o
/usr/bin/arm-linux-gnueabihf-g++-4.8     -o CMakeFiles/cmTryCompileExec1849072217.dir/CMakeCXXCompilerABI.cpp.o -c /usr/local/share/cmake-3.2/Modules/CMakeCXXCompilerABI.cpp
Linking CXX executable cmTryCompileExec1849072217
/usr/local/bin/cmake -E cmake_link_script CMakeFiles/cmTryCompileExec1849072217.dir/link.txt --verbose=1
/usr/bin/arm-linux-gnueabihf-g++-4.8       -v CMakeFiles/cmTryCompileExec1849072217.dir/CMakeCXXCompilerABI.cpp.o  -o cmTryCompileExec1849072217 -rdynamic  
Using built-in specs.
COLLECT_GCC=/usr/bin/arm-linux-gnueabihf-g++-4.8
COLLECT_LTO_WRAPPER=/usr/lib/gcc-cross/arm-linux-gnueabihf/4.8/lto-wrapper
Target: arm-linux-gnueabihf
Configured with: ../src/configure -v --with-pkgversion='Ubuntu/Linaro 4.8.4-2ubuntu1~14.04.1' --with-bugurl=file:///usr/share/doc/gcc-4.8/README.Bugs --enable-languages=c,c++,java,go,d,fortran,objc,obj-c++ --prefix=/usr --program-suffix=-4.8 --enable-shared --enable-linker-build-id --libexecdir=/usr/lib --without-included-gettext --enable-threads=posix --with-gxx-include-dir=/usr/arm-linux-gnueabihf/include/c++/4.8.4 --libdir=/usr/lib --enable-nls --with-sysroot=/ --enable-clocale=gnu --enable-libstdcxx-debug --enable-libstdcxx-time=yes --enable-gnu-unique-object --disable-libmudflap --disable-libitm --disable-libquadmath --enable-plugin --with-system-zlib --disable-browser-plugin --enable-java-awt=gtk --enable-gtk-cairo --with-java-home=/usr/lib/jvm/java-1.5.0-gcj-4.8-armhf-cross/jre --enable-java-home --with-jvm-root-dir=/usr/lib/jvm/java-1.5.0-gcj-4.8-armhf-cross --with-jvm-jar-dir=/usr/lib/jvm-exports/java-1.5.0-gcj-4.8-armhf-cross --with-arch-directory=arm --with-ecj-jar=/usr/share/java/eclipse-ecj.jar --disable-libgcj --enable-objc-gc --enable-multiarch --enable-multilib --disable-sjlj-exceptions --with-arch=armv7-a --with-fpu=vfpv3-d16 --with-float=hard --with-mode=thumb --disable-werror --enable-checking=release --build=x86_64-linux-gnu --host=x86_64-linux-gnu --target=arm-linux-gnueabihf --program-prefix=arm-linux-gnueabihf- --includedir=/usr/arm-linux-gnueabihf/include
Thread model: posix
gcc version 4.8.4 (Ubuntu/Linaro 4.8.4-2ubuntu1~14.04.1) 
COMPILER_PATH=/usr/lib/gcc-cross/arm-linux-gnueabihf/4.8/:/usr/lib/gcc-cross/arm-linux-gnueabihf/4.8/:/usr/lib/gcc-cross/arm-linux-gnueabihf/:/usr/lib/gcc-cross/arm-linux-gnueabihf/4.8/:/usr/lib/gcc-cross/arm-linux-gnueabihf/:/usr/lib/gcc-cross/arm-linux-gnueabihf/4.8/../../../../arm-linux-gnueabihf/bin/
LIBRARY_PATH=/usr/lib/gcc-cross/arm-linux-gnueabihf/4.8/:/usr/lib/gcc-cross/arm-linux-gnueabihf/4.8/../../../../arm-linux-gnueabihf/lib/../lib/:/lib/../lib/:/usr/lib/../lib/:/usr/lib/gcc-cross/arm-linux-gnueabihf/4.8/../../../../arm-linux-gnueabihf/lib/:/lib/:/usr/lib/
COLLECT_GCC_OPTIONS='-v' '-o' 'cmTryCompileExec1849072217' '-rdynamic' '-shared-libgcc' '-march=armv7-a' '-mfloat-abi=hard' '-mfpu=vfpv3-d16' '-mthumb' '-mtls-dialect=gnu'
 /usr/lib/gcc-cross/arm-linux-gnueabihf/4.8/collect2 --sysroot=/ --build-id --eh-frame-hdr -export-dynamic -dynamic-linker /lib/ld-linux-armhf.so.3 -X --hash-style=gnu --as-needed -m armelf_linux_eabi -z relro -o cmTryCompileExec1849072217 /usr/lib/gcc-cross/arm-linux-gnueabihf/4.8/../../../../arm-linux-gnueabihf/lib/../lib/crt1.o /usr/lib/gcc-cross/arm-linux-gnueabihf/4.8/../../../../arm-linux-gnueabihf/lib/../lib/crti.o /usr/lib/gcc-cross/arm-linux-gnueabihf/4.8/crtbegin.o -L/usr/lib/gcc-cross/arm-linux-gnueabihf/4.8 -L/usr/lib/gcc-cross/arm-linux-gnueabihf/4.8/../../../../arm-linux-gnueabihf/lib/../lib -L/lib/../lib -L/usr/lib/../lib -L/usr/lib/gcc-cross/arm-linux-gnueabihf/4.8/../../../../arm-linux-gnueabihf/lib CMakeFiles/cmTryCompileExec1849072217.dir/CMakeCXXCompilerABI.cpp.o -lstdc++ -lm -lgcc_s -lgcc -lc -lgcc_s -lgcc /usr/lib/gcc-cross/arm-linux-gnueabihf/4.8/crtend.o /usr/lib/gcc-cross/arm-linux-gnueabihf/4.8/../../../../arm-linux-gnueabihf/lib/../lib/crtn.o
make[1]:正在离开目录 `/home/ywh/work/controlFrame/build_arm/CMakeFiles/CMakeTmp'


Parsed CXX implicit link information from above output:
  link line regex: [^( *|.*[/\])(ld|([^/\]+-)?ld|collect2)[^/\]*( |$)]
  ignore line: [Change Dir: /home/ywh/work/controlFrame/build_arm/CMakeFiles/CMakeTmp]
  ignore line: []
  ignore line: [Run Build Command:"/usr/bin/make" "cmTryCompileExec1849072217/fast"]
  ignore line: [/usr/bin/make -f CMakeFiles/cmTryCompileExec1849072217.dir/build.make CMakeFiles/cmTryCompileExec1849072217.dir/build]
  ignore line: [make[1]: 正在进入目录 `/home/ywh/work/controlFrame/build_arm/CMakeFiles/CMakeTmp']
  ignore line: [/usr/local/bin/cmake -E cmake_progress_report /home/ywh/work/controlFrame/build_arm/CMakeFiles/CMakeTmp/CMakeFiles 1]
  ignore line: [Building CXX object CMakeFiles/cmTryCompileExec1849072217.dir/CMakeCXXCompilerABI.cpp.o]
  ignore line: [/usr/bin/arm-linux-gnueabihf-g++-4.8     -o CMakeFiles/cmTryCompileExec1849072217.dir/CMakeCXXCompilerABI.cpp.o -c /usr/local/share/cmake-3.2/Modules/CMakeCXXCompilerABI.cpp]
  ignore line: [Linking CXX executable cmTryCompileExec1849072217]
  ignore line: [/usr/local/bin/cmake -E cmake_link_script CMakeFiles/cmTryCompileExec1849072217.dir/link.txt --verbose=1]
  ignore line: [/usr/bin/arm-linux-gnueabihf-g++-4.8       -v CMakeFiles/cmTryCompileExec1849072217.dir/CMakeCXXCompilerABI.cpp.o  -o cmTryCompileExec1849072217 -rdynamic  ]
  ignore line: [Using built-in specs.]
  ignore line: [COLLECT_GCC=/usr/bin/arm-linux-gnueabihf-g++-4.8]
  ignore line: [COLLECT_LTO_WRAPPER=/usr/lib/gcc-cross/arm-linux-gnueabihf/4.8/lto-wrapper]
  ignore line: [Target: arm-linux-gnueabihf]
  ignore line: [Configured with: ../src/configure -v --with-pkgversion='Ubuntu/Linaro 4.8.4-2ubuntu1~14.04.1' --with-bugurl=file:///usr/share/doc/gcc-4.8/README.Bugs --enable-languages=c,c++,java,go,d,fortran,objc,obj-c++ --prefix=/usr --program-suffix=-4.8 --enable-shared --enable-linker-build-id --libexecdir=/usr/lib --without-included-gettext --enable-threads=posix --with-gxx-include-dir=/usr/arm-linux-gnueabihf/include/c++/4.8.4 --libdir=/usr/lib --enable-nls --with-sysroot=/ --enable-clocale=gnu --enable-libstdcxx-debug --enable-libstdcxx-time=yes --enable-gnu-unique-object --disable-libmudflap --disable-libitm --disable-libquadmath --enable-plugin --with-system-zlib --disable-browser-plugin --enable-java-awt=gtk --enable-gtk-cairo --with-java-home=/usr/lib/jvm/java-1.5.0-gcj-4.8-armhf-cross/jre --enable-java-home --with-jvm-root-dir=/usr/lib/jvm/java-1.5.0-gcj-4.8-armhf-cross --with-jvm-jar-dir=/usr/lib/jvm-exports/java-1.5.0-gcj-4.8-armhf-cross --with-arch-directory=arm --with-ecj-jar=/usr/share/java/eclipse-ecj.jar --disable-libgcj --enable-objc-gc --enable-multiarch --enable-multilib --disable-sjlj-exceptions --with-arch=armv7-a --with-fpu=vfpv3-d16 --with-float=hard --with-mode=thumb --disable-werror --enable-checking=release --build=x86_64-linux-gnu --host=x86_64-linux-gnu --target=arm-linux-gnueabihf --program-prefix=arm-linux-gnueabihf- --includedir=/usr/arm-linux-gnueabihf/include]
  ignore line: [Thread model: posix]
  ignore line: [gcc version 4.8.4 (Ubuntu/Linaro 4.8.4-2ubuntu1~14.04.1) ]
  ignore line: [COMPILER_PATH=/usr/lib/gcc-cross/arm-linux-gnueabihf/4.8/:/usr/lib/gcc-cross/arm-linux-gnueabihf/4.8/:/usr/lib/gcc-cross/arm-linux-gnueabihf/:/usr/lib/gcc-cross/arm-linux-gnueabihf/4.8/:/usr/lib/gcc-cross/arm-linux-gnueabihf/:/usr/lib/gcc-cross/arm-linux-gnueabihf/4.8/../../../../arm-linux-gnueabihf/bin/]
  ignore line: [LIBRARY_PATH=/usr/lib/gcc-cross/arm-linux-gnueabihf/4.8/:/usr/lib/gcc-cross/arm-linux-gnueabihf/4.8/../../../../arm-linux-gnueabihf/lib/../lib/:/lib/../lib/:/usr/lib/../lib/:/usr/lib/gcc-cross/arm-linux-gnueabihf/4.8/../../../../arm-linux-gnueabihf/lib/:/lib/:/usr/lib/]
  ignore line: [COLLECT_GCC_OPTIONS='-v' '-o' 'cmTryCompileExec1849072217' '-rdynamic' '-shared-libgcc' '-march=armv7-a' '-mfloat-abi=hard' '-mfpu=vfpv3-d16' '-mthumb' '-mtls-dialect=gnu']
  link line: [ /usr/lib/gcc-cross/arm-linux-gnueabihf/4.8/collect2 --sysroot=/ --build-id --eh-frame-hdr -export-dynamic -dynamic-linker /lib/ld-linux-armhf.so.3 -X --hash-style=gnu --as-needed -m armelf_linux_eabi -z relro -o cmTryCompileExec1849072217 /usr/lib/gcc-cross/arm-linux-gnueabihf/4.8/../../../../arm-linux-gnueabihf/lib/../lib/crt1.o /usr/lib/gcc-cross/arm-linux-gnueabihf/4.8/../../../../arm-linux-gnueabihf/lib/../lib/crti.o /usr/lib/gcc-cross/arm-linux-gnueabihf/4.8/crtbegin.o -L/usr/lib/gcc-cross/arm-linux-gnueabihf/4.8 -L/usr/lib/gcc-cross/arm-linux-gnueabihf/4.8/../../../../arm-linux-gnueabihf/lib/../lib -L/lib/../lib -L/usr/lib/../lib -L/usr/lib/gcc-cross/arm-linux-gnueabihf/4.8/../../../../arm-linux-gnueabihf/lib CMakeFiles/cmTryCompileExec1849072217.dir/CMakeCXXCompilerABI.cpp.o -lstdc++ -lm -lgcc_s -lgcc -lc -lgcc_s -lgcc /usr/lib/gcc-cross/arm-linux-gnueabihf/4.8/crtend.o /usr/lib/gcc-cross/arm-linux-gnueabihf/4.8/../../../../arm-linux-gnueabihf/lib/../lib/crtn.o]
    arg [/usr/lib/gcc-cross/arm-linux-gnueabihf/4.8/collect2] ==> ignore
    arg [--sysroot=/] ==> ignore
    arg [--build-id] ==> ignore
    arg [--eh-frame-hdr] ==> ignore
    arg [-export-dynamic] ==> ignore
    arg [-dynamic-linker] ==> ignore
    arg [/lib/ld-linux-armhf.so.3] ==> ignore
    arg [-X] ==> ignore
    arg [--hash-style=gnu] ==> ignore
    arg [--as-needed] ==> ignore
    arg [-m] ==> ignore
    arg [armelf_linux_eabi] ==> ignore
    arg [-zrelro] ==> ignore
    arg [-o] ==> ignore
    arg [cmTryCompileExec1849072217] ==> ignore
    arg [/usr/lib/gcc-cross/arm-linux-gnueabihf/4.8/../../../../arm-linux-gnueabihf/lib/../lib/crt1.o] ==> ignore
    arg [/usr/lib/gcc-cross/arm-linux-gnueabihf/4.8/../../../../arm-linux-gnueabihf/lib/../lib/crti.o] ==> ignore
    arg [/usr/lib/gcc-cross/arm-linux-gnueabihf/4.8/crtbegin.o] ==> ignore
    arg [-L/usr/lib/gcc-cross/arm-linux-gnueabihf/4.8] ==> dir [/usr/lib/gcc-cross/arm-linux-gnueabihf/4.8]
    arg [-L/usr/lib/gcc-cross/arm-linux-gnueabihf/4.8/../../../../arm-linux-gnueabihf/lib/../lib] ==> dir [/usr/lib/gcc-cross/arm-linux-gnueabihf/4.8/../../../../arm-linux-gnueabihf/lib/../lib]
    arg [-L/lib/../lib] ==> dir [/lib/../lib]
    arg [-L/usr/lib/../lib] ==> dir [/usr/lib/../lib]
    arg [-L/usr/lib/gcc-cross/arm-linux-gnueabihf/4.8/../../../../arm-linux-gnueabihf/lib] ==> dir [/usr/lib/gcc-cross/arm-linux-gnueabihf/4.8/../../../../arm-linux-gnueabihf/lib]
    arg [CMakeFiles/cmTryCompileExec1849072217.dir/CMakeCXXCompilerABI.cpp.o] ==> ignore
    arg [-lstdc++] ==> lib [stdc++]
    arg [-lm] ==> lib [m]
    arg [-lgcc_s] ==> lib [gcc_s]
    arg [-lgcc] ==> lib [gcc]
    arg [-lc] ==> lib [c]
    arg [-lgcc_s] ==> lib [gcc_s]
    arg [-lgcc] ==> lib [gcc]
    arg [/usr/lib/gcc-cross/arm-linux-gnueabihf/4.8/crtend.o] ==> ignore
    arg [/usr/lib/gcc-cross/arm-linux-gnueabihf/4.8/../../../../arm-linux-gnueabihf/lib/../lib/crtn.o] ==> ignore
  remove lib [gcc_s]
  remove lib [gcc]
  remove lib [gcc_s]
  remove lib [gcc]
  collapse library dir [/usr/lib/gcc-cross/arm-linux-gnueabihf/4.8] ==> [/usr/lib/gcc-cross/arm-linux-gnueabihf/4.8]
  collapse library dir [/usr/lib/gcc-cross/arm-linux-gnueabihf/4.8/../../../../arm-linux-gnueabihf/lib/../lib] ==> [/usr/arm-linux-gnueabihf/lib]
  collapse library dir [/lib/../lib] ==> [/lib]
  collapse library dir [/usr/lib/../lib] ==> [/usr/lib]
  collapse library dir [/usr/lib/gcc-cross/arm-linux-gnueabihf/4.8/../../../../arm-linux-gnueabihf/lib] ==> [/usr/arm-linux-gnueabihf/lib]
  implicit libs: [stdc++;m;c]
  implicit dirs: [/usr/lib/gcc-cross/arm-linux-gnueabihf/4.8;/usr/arm-linux-gnueabihf/lib;/lib;/usr/lib]
  implicit fwks: []




Detecting CXX [-std=c++1y] compiler features compiled with the following output:
Change Dir: /home/ywh/work/controlFrame/build_arm/CMakeFiles/CMakeTmp

Run Build Command:"/usr/bin/make" "cmTryCompileExec2490296930/fast"
/usr/bin/make -f CMakeFiles/cmTryCompileExec2490296930.dir/build.make CMakeFiles/cmTryCompileExec2490296930.dir/build
make[1]: 正在进入目录 `/home/ywh/work/controlFrame/build_arm/CMakeFiles/CMakeTmp'
/usr/local/bin/cmake -E cmake_progress_report /home/ywh/work/controlFrame/build_arm/CMakeFiles/CMakeTmp/CMakeFiles 1
Building CXX object CMakeFiles/cmTryCompileExec2490296930.dir/feature_tests.cxx.o
/usr/bin/arm-linux-gnueabihf-g++-4.8    -std=c++1y -o CMakeFiles/cmTryCompileExec2490296930.dir/feature_tests.cxx.o -c /home/ywh/work/controlFrame/build_arm/CMakeFiles/feature_tests.cxx
Linking CXX executable cmTryCompileExec2490296930
/usr/local/bin/cmake -E cmake_link_script CMakeFiles/cmTryCompileExec2490296930.dir/link.txt --verbose=1
/usr/bin/arm-linux-gnueabihf-g++-4.8        CMakeFiles/cmTryCompileExec2490296930.dir/feature_tests.cxx.o  -o cmTryCompileExec2490296930 -rdynamic 
make[1]:正在离开目录 `/home/ywh/work/controlFrame/build_arm/CMakeFiles/CMakeTmp'


    Feature record: CXX_FEATURE:0cxx_aggregate_default_initializers
    Feature record: CXX_FEATURE:1cxx_alias_templates
    Feature record: CXX_FEATURE:1cxx_alignas
    Feature record: CXX_FEATURE:1cxx_alignof
    Feature record: CXX_FEATURE:1cxx_attributes
    Feature record: CXX_FEATURE:0cxx_attribute_deprecated
    Feature record: CXX_FEATURE:1cxx_auto_type
    Feature record: CXX_FEATURE:0cxx_binary_literals
    Feature record: CXX_FEATURE:1cxx_constexpr
    Feature record: CXX_FEATURE:0cxx_contextual_conversions
    Feature record: CXX_FEATURE:1cxx_decltype
    Feature record: CXX_FEATURE:0cxx_decltype_auto
    Feature record: CXX_FEATURE:1cxx_decltype_incomplete_return_types
    Feature record: CXX_FEATURE:1cxx_default_function_template_args
    Feature record: CXX_FEATURE:1cxx_defaulted_functions
    Feature record: CXX_FEATURE:1cxx_defaulted_move_initializers
    Feature record: CXX_FEATURE:1cxx_delegating_constructors
    Feature record: CXX_FEATURE:1cxx_deleted_functions
    Feature record: CXX_FEATURE:0cxx_digit_separators
    Feature record: CXX_FEATURE:1cxx_enum_forward_declarations
    Feature record: CXX_FEATURE:1cxx_explicit_conversions
    Feature record: CXX_FEATURE:1cxx_extended_friend_declarations
    Feature record: CXX_FEATURE:1cxx_extern_templates
    Feature record: CXX_FEATURE:1cxx_final
    Feature record: CXX_FEATURE:1cxx_func_identifier
    Feature record: CXX_FEATURE:1cxx_generalized_initializers
    Feature record: CXX_FEATURE:0cxx_generic_lambdas
    Feature record: CXX_FEATURE:1cxx_inheriting_constructors
    Feature record: CXX_FEATURE:1cxx_inline_namespaces
    Feature record: CXX_FEATURE:1cxx_lambdas
    Feature record: CXX_FEATURE:0cxx_lambda_init_captures
    Feature record: CXX_FEATURE:1cxx_local_type_template_args
    Feature record: CXX_FEATURE:1cxx_long_long_type
    Feature record: CXX_FEATURE:1cxx_noexcept
    Feature record: CXX_FEATURE:1cxx_nonstatic_member_init
    Feature record: CXX_FEATURE:1cxx_nullptr
    Feature record: CXX_FEATURE:1cxx_override
    Feature record: CXX_FEATURE:1cxx_range_for
    Feature record: CXX_FEATURE:1cxx_raw_string_literals
    Feature record: CXX_FEATURE:1cxx_reference_qualified_functions
    Feature record: CXX_FEATURE:0cxx_relaxed_constexpr
    Feature record: CXX_FEATURE:0cxx_return_type_deduction
    Feature record: CXX_FEATURE:1cxx_right_angle_brackets
    Feature record: CXX_FEATURE:1cxx_rvalue_references
    Feature record: CXX_FEATURE:1cxx_sizeof_member
    Feature record: CXX_FEATURE:1cxx_static_assert
    Feature record: CXX_FEATURE:1cxx_strong_enums
    Feature record: CXX_FEATURE:1cxx_template_template_parameters
    Feature record: CXX_FEATURE:1cxx_thread_local
    Feature record: CXX_FEATURE:1cxx_trailing_return_types
    Feature record: CXX_FEATURE:1cxx_unicode_literals
    Feature record: CXX_FEATURE:1cxx_uniform_initialization
    Feature record: CXX_FEATURE:1cxx_unrestricted_unions
    Feature record: CXX_FEATURE:1cxx_user_literals
    Feature record: CXX_FEATURE:0cxx_variable_templates
    Feature record: CXX_FEATURE:1cxx_variadic_macros
    Feature record: CXX_FEATURE:1cxx_variadic_templates


Detecting CXX [-std=c++11] compiler features compiled with the following output:
Change Dir: /home/ywh/work/controlFrame/build_arm/CMakeFiles/CMakeTmp

Run Build Command:"/usr/bin/make" "cmTryCompileExec1801571799/fast"
/usr/bin/make -f CMakeFiles/cmTryCompileExec1801571799.dir/build.make CMakeFiles/cmTryCompileExec1801571799.dir/build
make[1]: 正在进入目录 `/home/ywh/work/controlFrame/build_arm/CMakeFiles/CMakeTmp'
/usr/local/bin/cmake -E cmake_progress_report /home/ywh/work/controlFrame/build_arm/CMakeFiles/CMakeTmp/CMakeFiles 1
Building CXX object CMakeFiles/cmTryCompileExec1801571799.dir/feature_tests.cxx.o
/usr/bin/arm-linux-gnueabihf-g++-4.8    -std=c++11 -o CMakeFiles/cmTryCompileExec1801571799.dir/feature_tests.cxx.o -c /home/ywh/work/controlFrame/build_arm/CMakeFiles/feature_tests.cxx
Linking CXX executable cmTryCompileExec1801571799
/usr/local/bin/cmake -E cmake_link_script CMakeFiles/cmTryCompileExec1801571799.dir/link.txt --verbose=1
/usr/bin/arm-linux-gnueabihf-g++-4.8        CMakeFiles/cmTryCompileExec1801571799.dir/feature_tests.cxx.o  -o cmTryCompileExec1801571799 -rdynamic 
make[1]:正在离开目录 `/home/ywh/work/controlFrame/build_arm/CMakeFiles/CMakeTmp'


    Feature record: CXX_FEATURE:0cxx_aggregate_default_initializers
    Feature record: CXX_FEATURE:1cxx_alias_templates
    Feature record: CXX_FEATURE:1cxx_alignas
    Feature record: CXX_FEATURE:1cxx_alignof
    Feature record: CXX_FEATURE:1cxx_attributes
    Feature record: CXX_FEATURE:0cxx_attribute_deprecated
    Feature record: CXX_FEATURE:1cxx_auto_type
    Feature record: CXX_FEATURE:0cxx_binary_literals
    Feature record: CXX_FEATURE:1cxx_constexpr
    Feature record: CXX_FEATURE:0cxx_contextual_conversions
    Feature record: CXX_FEATURE:1cxx_decltype
    Feature record: CXX_FEATURE:0cxx_decltype_auto
    Feature record: CXX_FEATURE:1cxx_decltype_incomplete_return_types
    Feature record: CXX_FEATURE:1cxx_default_function_template_args
    Feature record: CXX_FEATURE:1cxx_defaulted_functions
    Feature record: CXX_FEATURE:1cxx_defaulted_move_initializers
    Feature record: CXX_FEATURE:1cxx_delegating_constructors
    Feature record: CXX_FEATURE:1cxx_deleted_functions
    Feature record: CXX_FEATURE:0cxx_digit_separators
    Feature record: CXX_FEATURE:1cxx_enum_forward_declarations
    Feature record: CXX_FEATURE:1cxx_explicit_conversions
    Feature record: CXX_FEATURE:1cxx_extended_friend_declarations
    Feature record: CXX_FEATURE:1cxx_extern_templates
    Feature record: CXX_FEATURE:1cxx_final
    Feature record: CXX_FEATURE:1cxx_func_identifier
    Feature record: CXX_FEATURE:1cxx_generalized_initializers
    Feature record: CXX_FEATURE:0cxx_generic_lambdas
    Feature record: CXX_FEATURE:1cxx_inheriting_constructors
    Feature record: CXX_FEATURE:1cxx_inline_namespaces
    Feature record: CXX_FEATURE:1cxx_lambdas
    Feature record: CXX_FEATURE:0cxx_lambda_init_captures
    Feature record: CXX_FEATURE:1cxx_local_type_template_args
    Feature record: CXX_FEATURE:1cxx_long_long_type
    Feature record: CXX_FEATURE:1cxx_noexcept
    Feature record: CXX_FEATURE:1cxx_nonstatic_member_init
    Feature record: CXX_FEATURE:1cxx_nullptr
    Feature record: CXX_FEATURE:1cxx_override
    Feature record: CXX_FEATURE:1cxx_range_for
    Feature record: CXX_FEATURE:1cxx_raw_string_literals
    Feature record: CXX_FEATURE:1cxx_reference_qualified_functions
    Feature record: CXX_FEATURE:0cxx_relaxed_constexpr
    Feature record: CXX_FEATURE:0cxx_return_type_deduction
    Feature record: CXX_FEATURE:1cxx_right_angle_brackets
    Feature record: CXX_FEATURE:1cxx_rvalue_references
    Feature record: CXX_FEATURE:1cxx_sizeof_member
    Feature record: CXX_FEATURE:1cxx_static_assert
    Feature record: CXX_FEATURE:1cxx_strong_enums
    Feature record: CXX_FEATURE:1cxx_template_template_parameters
    Feature record: CXX_FEATURE:1cxx_thread_local
    Feature record: CXX_FEATURE:1cxx_trailing_return_types
    Feature record: CXX_FEATURE:1cxx_unicode_literals
    Feature record: CXX_FEATURE:1cxx_uniform_initialization
    Feature record: CXX_FEATURE:1cxx_unrestricted_unions
    Feature record: CXX_FEATURE:1cxx_user_literals
    Feature record: CXX_FEATURE:0cxx_variable_templates
    Feature record: CXX_FEATURE:1cxx_variadic_macros
    Feature record: CXX_FEATURE:1cxx_variadic_templates


Detecting CXX [-std=c++98] compiler features compiled with the following output:
Change Dir: /home/ywh/work/controlFrame/build_arm/CMakeFiles/CMakeTmp

Run Build Command:"/usr/bin/make" "cmTryCompileExec3663516130/fast"
/usr/bin/make -f CMakeFiles/cmTryCompileExec3663516130.dir/build.make CMakeFiles/cmTryCompileExec3663516130.dir/build
make[1]: 正在进入目录 `/home/ywh/work/controlFrame/build_arm/CMakeFiles/CMakeTmp'
/usr/local/bin/cmake -E cmake_progress_report /home/ywh/work/controlFrame/build_arm/CMakeFiles/CMakeTmp/CMakeFiles 1
Building CXX object CMakeFiles/cmTryCompileExec3663516130.dir/feature_tests.cxx.o
/usr/bin/arm-linux-gnueabihf-g++-4.8    -std=c++98 -o CMakeFiles/cmTryCompileExec3663516130.dir/feature_tests.cxx.o -c /home/ywh/work/controlFrame/build_arm/CMakeFiles/feature_tests.cxx
Linking CXX executable cmTryCompileExec3663516130
/usr/local/bin/cmake -E cmake_link_script CMakeFiles/cmTryCompileExec3663516130.dir/link.txt --verbose=1
/usr/bin/arm-linux-gnueabihf-g++-4.8        CMakeFiles/cmTryCompileExec3663516130.dir/feature_tests.cxx.o  -o cmTryCompileExec3663516130 -rdynamic 
make[1]:正在离开目录 `/home/ywh/work/controlFrame/build_arm/CMakeFiles/CMakeTmp'


    Feature record: CXX_FEATURE:0cxx_aggregate_default_initializers
    Feature record: CXX_FEATURE:0cxx_alias_templates
    Feature record: CXX_FEATURE:0cxx_alignas
    Feature record: CXX_FEATURE:0cxx_alignof
    Feature record: CXX_FEATURE:0cxx_attributes
    Feature record: CXX_FEATURE:0cxx_attribute_deprecated
    Feature record: CXX_FEATURE:0cxx_auto_type
    Feature record: CXX_FEATURE:0cxx_binary_literals
    Feature record: CXX_FEATURE:0cxx_constexpr
    Feature record: CXX_FEATURE:0cxx_contextual_conversions
    Feature record: CXX_FEATURE:0cxx_decltype
    Feature record: CXX_FEATURE:0cxx_decltype_auto
    Feature record: CXX_FEATURE:0cxx_decltype_incomplete_return_types
    Feature record: CXX_FEATURE:0cxx_default_function_template_args
    Feature record: CXX_FEATURE:0cxx_defaulted_functions
    Feature record: CXX_FEATURE:0cxx_defaulted_move_initializers
    Feature record: CXX_FEATURE:0cxx_delegating_constructors
    Feature record: CXX_FEATURE:0cxx_deleted_functions
    Feature record: CXX_FEATURE:0cxx_digit_separators
    Feature record: CXX_FEATURE:0cxx_enum_forward_declarations
    Feature record: CXX_FEATURE:0cxx_explicit_conversions
    Feature record: CXX_FEATURE:0cxx_extended_friend_declarations
    Feature record: CXX_FEATURE:0cxx_extern_templates
    Feature record: CXX_FEATURE:0cxx_final
    Feature record: CXX_FEATURE:0cxx_func_identifier
    Feature record: CXX_FEATURE:0cxx_generalized_initializers
    Feature record: CXX_FEATURE:0cxx_generic_lambdas
    Feature record: CXX_FEATURE:0cxx_inheriting_constructors
    Feature record: CXX_FEATURE:0cxx_inline_namespaces
    Feature record: CXX_FEATURE:0cxx_lambdas
    Feature record: CXX_FEATURE:0cxx_lambda_init_captures
    Feature record: CXX_FEATURE:0cxx_local_type_template_args
    Feature record: CXX_FEATURE:0cxx_long_long_type
    Feature record: CXX_FEATURE:0cxx_noexcept
    Feature record: CXX_FEATURE:0cxx_nonstatic_member_init
    Feature record: CXX_FEATURE:0cxx_nullptr
    Feature record: CXX_FEATURE:0cxx_override
    Feature record: CXX_FEATURE:0cxx_range_for
    Feature record: CXX_FEATURE:0cxx_raw_string_literals
    Feature record: CXX_FEATURE:0cxx_reference_qualified_functions
    Feature record: CXX_FEATURE:0cxx_relaxed_constexpr
    Feature record: CXX_FEATURE:0cxx_return_type_deduction
    Feature record: CXX_FEATURE:0cxx_right_angle_brackets
    Feature record: CXX_FEATURE:0cxx_rvalue_references
    Feature record: CXX_FEATURE:0cxx_sizeof_member
    Feature record: CXX_FEATURE:0cxx_static_assert
    Feature record: CXX_FEATURE:0cxx_strong_enums
    Feature record: CXX_FEATURE:1cxx_template_template_parameters
    Feature record: CXX_FEATURE:0cxx_thread_local
    Feature record: CXX_FEATURE:0cxx_trailing_return_types
    Feature record: CXX_FEATURE:0cxx_unicode_literals
    Feature record: CXX_FEATURE:0cxx_uniform_initialization
    Feature record: CXX_FEATURE:0cxx_unrestricted_unions
    Feature record: CXX_FEATURE:0cxx_user_literals
    Feature record: CXX_FEATURE:0cxx_variable_templates
    Feature record: CXX_FEATURE:0cxx_variadic_macros
    Feature record: CXX_FEATURE:0cxx_variadic_templates
Determining if the include file clocale exists passed with the following output:
Change Dir: /home/ywh/work/controlFrame/build_arm/CMakeFiles/CMakeTmp

Run Build Command:"/usr/bin/make" "cmTryCompileExec1119819797/fast"
/usr/bin/make -f CMakeFiles/cmTryCompileExec1119819797.dir/build.make CMakeFiles/cmTryCompileExec1119819797.dir/build
make[1]: 正在进入目录 `/home/ywh/work/controlFrame/build_arm/CMakeFiles/CMakeTmp'
/usr/local/bin/cmake -E cmake_progress_report /home/ywh/work/controlFrame/build_arm/CMakeFiles/CMakeTmp/CMakeFiles 1
Building CXX object CMakeFiles/cmTryCompileExec1119819797.dir/CheckIncludeFile.cxx.o
/usr/bin/arm-linux-gnueabihf-g++-4.8    -std=c++11 -Wall -Wconversion -Wshadow -Wextra -pedantic -Werror=strict-aliasing    -o CMakeFiles/cmTryCompileExec1119819797.dir/CheckIncludeFile.cxx.o -c /home/ywh/work/controlFrame/build_arm/CMakeFiles/CMakeTmp/CheckIncludeFile.cxx
Linking CXX executable cmTryCompileExec1119819797
/usr/local/bin/cmake -E cmake_link_script CMakeFiles/cmTryCompileExec1119819797.dir/link.txt --verbose=1
/usr/bin/arm-linux-gnueabihf-g++-4.8    -std=c++11 -Wall -Wconversion -Wshadow -Wextra -pedantic -Werror=strict-aliasing     CMakeFiles/cmTryCompileExec1119819797.dir/CheckIncludeFile.cxx.o  -o cmTryCompileExec1119819797 -rdynamic 
make[1]:正在离开目录 `/home/ywh/work/controlFrame/build_arm/CMakeFiles/CMakeTmp'


Determining if the localeconv exist passed with the following output:
Change Dir: /home/ywh/work/controlFrame/build_arm/CMakeFiles/CMakeTmp

Run Build Command:"/usr/bin/make" "cmTryCompileExec3521802290/fast"
/usr/bin/make -f CMakeFiles/cmTryCompileExec3521802290.dir/build.make CMakeFiles/cmTryCompileExec3521802290.dir/build
make[1]: 正在进入目录 `/home/ywh/work/controlFrame/build_arm/CMakeFiles/CMakeTmp'
/usr/local/bin/cmake -E cmake_progress_report /home/ywh/work/controlFrame/build_arm/CMakeFiles/CMakeTmp/CMakeFiles 1
Building CXX object CMakeFiles/cmTryCompileExec3521802290.dir/CheckSymbolExists.cxx.o
/usr/bin/arm-linux-gnueabihf-g++-4.8    -std=c++11 -Wall -Wconversion -Wshadow -Wextra -pedantic -Werror=strict-aliasing    -o CMakeFiles/cmTryCompileExec3521802290.dir/CheckSymbolExists.cxx.o -c /home/ywh/work/controlFrame/build_arm/CMakeFiles/CMakeTmp/CheckSymbolExists.cxx
/home/ywh/work/controlFrame/build_arm/CMakeFiles/CMakeTmp/CheckSymbolExists.cxx: In function ‘int main(int, char**)’:
/home/ywh/work/controlFrame/build_arm/CMakeFiles/CMakeTmp/CheckSymbolExists.cxx:8:29: warning: ISO C++ forbids casting between pointer-to-function and pointer-to-object [-Wpedantic]
   return ((int*)(&localeconv))[argc];
                             ^
Linking CXX executable cmTryCompileExec3521802290
/usr/local/bin/cmake -E cmake_link_script CMakeFiles/cmTryCompileExec3521802290.dir/link.txt --verbose=1
/usr/bin/arm-linux-gnueabihf-g++-4.8    -std=c++11 -Wall -Wconversion -Wshadow -Wextra -pedantic -Werror=strict-aliasing     CMakeFiles/cmTryCompileExec3521802290.dir/CheckSymbolExists.cxx.o  -o cmTryCompileExec3521802290 -rdynamic 
make[1]:正在离开目录 `/home/ywh/work/controlFrame/build_arm/CMakeFiles/CMakeTmp'

File /home/ywh/work/controlFrame/build_arm/CMakeFiles/CMakeTmp/CheckSymbolExists.cxx:
/* */
#include <clocale>

int main(int argc, char** argv)
{
  (void)argv;
#ifndef localeconv
  return ((int*)(&localeconv))[argc];
#else
  (void)argc;
  return 0;
#endif
}

Determining if the include file sys/types.h exists passed with the following output:
Change Dir: /home/ywh/work/controlFrame/build_arm/CMakeFiles/CMakeTmp

Run Build Command:"/usr/bin/make" "cmTryCompileExec2640196619/fast"
/usr/bin/make -f CMakeFiles/cmTryCompileExec2640196619.dir/build.make CMakeFiles/cmTryCompileExec2640196619.dir/build
make[1]: 正在进入目录 `/home/ywh/work/controlFrame/build_arm/CMakeFiles/CMakeTmp'
/usr/local/bin/cmake -E cmake_progress_report /home/ywh/work/controlFrame/build_arm/CMakeFiles/CMakeTmp/CMakeFiles 1
Building CXX object CMakeFiles/cmTryCompileExec2640196619.dir/CheckIncludeFile.cxx.o
/usr/bin/arm-linux-gnueabihf-g++-4.8    -std=c++11 -Wall -Wconversion -Wshadow -Wextra -pedantic -Werror=strict-aliasing    -o CMakeFiles/cmTryCompileExec2640196619.dir/CheckIncludeFile.cxx.o -c /home/ywh/work/controlFrame/build_arm/CMakeFiles/CMakeTmp/CheckIncludeFile.cxx
Linking CXX executable cmTryCompileExec2640196619
/usr/local/bin/cmake -E cmake_link_script CMakeFiles/cmTryCompileExec2640196619.dir/link.txt --verbose=1
/usr/bin/arm-linux-gnueabihf-g++-4.8    -std=c++11 -Wall -Wconversion -Wshadow -Wextra -pedantic -Werror=strict-aliasing     CMakeFiles/cmTryCompileExec2640196619.dir/CheckIncludeFile.cxx.o  -o cmTryCompileExec2640196619 -rdynamic 
make[1]:正在离开目录 `/home/ywh/work/controlFrame/build_arm/CMakeFiles/CMakeTmp'


Determining if the include file stdint.h exists passed with the following output:
Change Dir: /home/ywh/work/controlFrame/build_arm/CMakeFiles/CMakeTmp

Run Build Command:"/usr/bin/make" "cmTryCompileExec207231191/fast"
/usr/bin/make -f CMakeFiles/cmTryCompileExec207231191.dir/build.make CMakeFiles/cmTryCompileExec207231191.dir/build
make[1]: 正在进入目录 `/home/ywh/work/controlFrame/build_arm/CMakeFiles/CMakeTmp'
/usr/local/bin/cmake -E cmake_progress_report /home/ywh/work/controlFrame/build_arm/CMakeFiles/CMakeTmp/CMakeFiles 1
Building CXX object CMakeFiles/cmTryCompileExec207231191.dir/CheckIncludeFile.cxx.o
/usr/bin/arm-linux-gnueabihf-g++-4.8    -std=c++11 -Wall -Wconversion -Wshadow -Wextra -pedantic -Werror=strict-aliasing    -o CMakeFiles/cmTryCompileExec207231191.dir/CheckIncludeFile.cxx.o -c /home/ywh/work/controlFrame/build_arm/CMakeFiles/CMakeTmp/CheckIncludeFile.cxx
Linking CXX executable cmTryCompileExec207231191
/usr/local/bin/cmake -E cmake_link_script CMakeFiles/cmTryCompileExec207231191.dir/link.txt --verbose=1
/usr/bin/arm-linux-gnueabihf-g++-4.8    -std=c++11 -Wall -Wconversion -Wshadow -Wextra -pedantic -Werror=strict-aliasing     CMakeFiles/cmTryCompileExec207231191.dir/CheckIncludeFile.cxx.o  -o cmTryCompileExec207231191 -rdynamic 
make[1]:正在离开目录 `/home/ywh/work/controlFrame/build_arm/CMakeFiles/CMakeTmp'


Determining if the include file stddef.h exists passed with the following output:
Change Dir: /home/ywh/work/controlFrame/build_arm/CMakeFiles/CMakeTmp

Run Build Command:"/usr/bin/make" "cmTryCompileExec3463856467/fast"
/usr/bin/make -f CMakeFiles/cmTryCompileExec3463856467.dir/build.make CMakeFiles/cmTryCompileExec3463856467.dir/build
make[1]: 正在进入目录 `/home/ywh/work/controlFrame/build_arm/CMakeFiles/CMakeTmp'
/usr/local/bin/cmake -E cmake_progress_report /home/ywh/work/controlFrame/build_arm/CMakeFiles/CMakeTmp/CMakeFiles 1
Building CXX object CMakeFiles/cmTryCompileExec3463856467.dir/CheckIncludeFile.cxx.o
/usr/bin/arm-linux-gnueabihf-g++-4.8    -std=c++11 -Wall -Wconversion -Wshadow -Wextra -pedantic -Werror=strict-aliasing    -o CMakeFiles/cmTryCompileExec3463856467.dir/CheckIncludeFile.cxx.o -c /home/ywh/work/controlFrame/build_arm/CMakeFiles/CMakeTmp/CheckIncludeFile.cxx
Linking CXX executable cmTryCompileExec3463856467
/usr/local/bin/cmake -E cmake_link_script CMakeFiles/cmTryCompileExec3463856467.dir/link.txt --verbose=1
/usr/bin/arm-linux-gnueabihf-g++-4.8    -std=c++11 -Wall -Wconversion -Wshadow -Wextra -pedantic -Werror=strict-aliasing     CMakeFiles/cmTryCompileExec3463856467.dir/CheckIncludeFile.cxx.o  -o cmTryCompileExec3463856467 -rdynamic 
make[1]:正在离开目录 `/home/ywh/work/controlFrame/build_arm/CMakeFiles/CMakeTmp'


Determining size of lconv passed with the following output:
Change Dir: /home/ywh/work/controlFrame/build_arm/CMakeFiles/CMakeTmp

Run Build Command:"/usr/bin/make" "cmTryCompileExec2840083910/fast"
/usr/bin/make -f CMakeFiles/cmTryCompileExec2840083910.dir/build.make CMakeFiles/cmTryCompileExec2840083910.dir/build
make[1]: 正在进入目录 `/home/ywh/work/controlFrame/build_arm/CMakeFiles/CMakeTmp'
/usr/local/bin/cmake -E cmake_progress_report /home/ywh/work/controlFrame/build_arm/CMakeFiles/CMakeTmp/CMakeFiles 1
Building CXX object CMakeFiles/cmTryCompileExec2840083910.dir/LCONV_SIZE.cpp.o
/usr/bin/arm-linux-gnueabihf-g++-4.8    -std=c++11 -Wall -Wconversion -Wshadow -Wextra -pedantic -Werror=strict-aliasing    -o CMakeFiles/cmTryCompileExec2840083910.dir/LCONV_SIZE.cpp.o -c /home/ywh/work/controlFrame/build_arm/CMakeFiles/CheckTypeSize/LCONV_SIZE.cpp
/home/ywh/work/controlFrame/build_arm/CMakeFiles/CheckTypeSize/LCONV_SIZE.cpp:20:8: warning: conversion to ‘char’ from ‘unsigned int’ may alter its value [-Wconversion]
   ('0' + ((SIZE / 10000)%10)),
        ^
/home/ywh/work/controlFrame/build_arm/CMakeFiles/CheckTypeSize/LCONV_SIZE.cpp:21:8: warning: conversion to ‘char’ from ‘unsigned int’ may alter its value [-Wconversion]
   ('0' + ((SIZE / 1000)%10)),
        ^
/home/ywh/work/controlFrame/build_arm/CMakeFiles/CheckTypeSize/LCONV_SIZE.cpp:22:8: warning: conversion to ‘char’ from ‘unsigned int’ may alter its value [-Wconversion]
   ('0' + ((SIZE / 100)%10)),
        ^
/home/ywh/work/controlFrame/build_arm/CMakeFiles/CheckTypeSize/LCONV_SIZE.cpp:23:8: warning: conversion to ‘char’ from ‘unsigned int’ may alter its value [-Wconversion]
   ('0' + ((SIZE / 10)%10)),
        ^
/home/ywh/work/controlFrame/build_arm/CMakeFiles/CheckTypeSize/LCONV_SIZE.cpp:24:8: warning: conversion to ‘char’ from ‘unsigned int’ may alter its value [-Wconversion]
   ('0' +  (SIZE    % 10)),
        ^
Linking CXX executable cmTryCompileExec2840083910
/usr/local/bin/cmake -E cmake_link_script CMakeFiles/cmTryCompileExec2840083910.dir/link.txt --verbose=1
/usr/bin/arm-linux-gnueabihf-g++-4.8    -std=c++11 -Wall -Wconversion -Wshadow -Wextra -pedantic -Werror=strict-aliasing     CMakeFiles/cmTryCompileExec2840083910.dir/LCONV_SIZE.cpp.o  -o cmTryCompileExec2840083910 -rdynamic 
make[1]:正在离开目录 `/home/ywh/work/controlFrame/build_arm/CMakeFiles/CMakeTmp'


Performing C++ SOURCE FILE Test HAVE_DECIMAL_POINT succeded with the following output:
Change Dir: /home/ywh/work/controlFrame/build_arm/CMakeFiles/CMakeTmp

Run Build Command:"/usr/bin/make" "cmTryCompileExec2477350587/fast"
/usr/bin/make -f CMakeFiles/cmTryCompileExec2477350587.dir/build.make CMakeFiles/cmTryCompileExec2477350587.dir/build
make[1]: 正在进入目录 `/home/ywh/work/controlFrame/build_arm/CMakeFiles/CMakeTmp'
/usr/local/bin/cmake -E cmake_progress_report /home/ywh/work/controlFrame/build_arm/CMakeFiles/CMakeTmp/CMakeFiles 1
Building CXX object CMakeFiles/cmTryCompileExec2477350587.dir/src.cxx.o
/usr/bin/arm-linux-gnueabihf-g++-4.8    -std=c++11 -Wall -Wconversion -Wshadow -Wextra -pedantic -Werror=strict-aliasing -DHAVE_DECIMAL_POINT   -o CMakeFiles/cmTryCompileExec2477350587.dir/src.cxx.o -c /home/ywh/work/controlFrame/build_arm/CMakeFiles/CMakeTmp/src.cxx
Linking CXX executable cmTryCompileExec2477350587
/usr/local/bin/cmake -E cmake_link_script CMakeFiles/cmTryCompileExec2477350587.dir/link.txt --verbose=1
/usr/bin/arm-linux-gnueabihf-g++-4.8    -std=c++11 -Wall -Wconversion -Wshadow -Wextra -pedantic -Werror=strict-aliasing -DHAVE_DECIMAL_POINT    CMakeFiles/cmTryCompileExec2477350587.dir/src.cxx.o  -o cmTryCompileExec2477350587 -rdynamic 
make[1]:正在离开目录 `/home/ywh/work/controlFrame/build_arm/CMakeFiles/CMakeTmp'

Source file was:

#include <clocale>

int main()
{
   (void)((lconv *)0)->decimal_point;
   return 0;
}

